d:\projects\rudyengine\engine\debug\engine.pdb
d:\!mine\rudyengine\engine\debug\engine.pdb
d:\!mine\rudyengine\engine\debug\engine.idb
d:\!mine\rudyengine\engine\debug\application.obj
d:\!mine\rudyengine\engine\debug\behaviour.obj
d:\!mine\rudyengine\engine\debug\gameobject.obj
d:\!mine\rudyengine\engine\debug\transform.obj
d:\!mine\rudyengine\engine\debug\baserenderer.obj
d:\!mine\rudyengine\engine\debug\materialmanager.obj
d:\!mine\rudyengine\engine\debug\mesh.obj
d:\!mine\rudyengine\engine\debug\meshmanager.obj
d:\!mine\rudyengine\engine\debug\shaderloader.obj
d:\!mine\rudyengine\engine\debug\material.obj
d:\!mine\rudyengine\engine\debug\vertexdata.obj
d:\!mine\rudyengine\engine\debug\input.obj
d:\!mine\rudyengine\engine\debug\time.obj
d:\!mine\rudyengine\engine\debug\scene.obj
d:\projects\rudyengine\debug\engine.lib
d:\!mine\rudyengine\debug\engine.lib
d:\!mine\rudyengine\debug\engine.pdb
d:\!mine\rudyengine\engine\debug\engine.tlog\cl.command.1.tlog
d:\!mine\rudyengine\engine\debug\engine.tlog\cl.read.1.tlog
d:\!mine\rudyengine\engine\debug\engine.tlog\cl.write.1.tlog
d:\!mine\rudyengine\engine\debug\engine.tlog\lib-link.read.1.tlog
d:\!mine\rudyengine\engine\debug\engine.tlog\lib-link.write.1.tlog
d:\!mine\rudyengine\engine\debug\engine.tlog\lib.command.1.tlog
