d:\projects\rudyengine\games\arkanoid\debug\vc140.pdb
d:\projects\rudyengine\games\arkanoid\debug\vc140.idb
d:\projects\rudyengine\games\arkanoid\debug\ballbehaviour.obj
d:\projects\rudyengine\games\arkanoid\debug\main.obj
d:\!mine\rudyengine\games\arkanoid\debug\vc140.pdb
d:\!mine\rudyengine\games\arkanoid\debug\vc140.idb
d:\!mine\rudyengine\games\arkanoid\debug\ballbehaviour.obj
d:\!mine\rudyengine\games\arkanoid\debug\main.obj
d:\projects\rudyengine\debug\arkanoid.ilk
d:\projects\rudyengine\debug\arkanoid.exe
d:\projects\rudyengine\debug\arkanoid.pdb
d:\!mine\rudyengine\debug\arkanoid.ilk
d:\!mine\rudyengine\debug\arkanoid.exe
d:\!mine\rudyengine\debug\arkanoid.pdb
d:\!mine\rudyengine\games\arkanoid\debug\arkanoid.vcxprojresolveassemblyreference.cache
d:\!mine\rudyengine\games\arkanoid\debug\arkanoid.tlog\cl.command.1.tlog
d:\!mine\rudyengine\games\arkanoid\debug\arkanoid.tlog\cl.read.1.tlog
d:\!mine\rudyengine\games\arkanoid\debug\arkanoid.tlog\cl.write.1.tlog
d:\!mine\rudyengine\games\arkanoid\debug\arkanoid.tlog\link.command.1.tlog
d:\!mine\rudyengine\games\arkanoid\debug\arkanoid.tlog\link.read.1.tlog
d:\!mine\rudyengine\games\arkanoid\debug\arkanoid.tlog\link.write.1.tlog
